<?xml version="1.0" encoding="UTF-8"?>
<!-- Generated by org.testng.reporters.JUnitReportReporter -->
<testsuite skipped="0" hostname="DESKTOP-49BK4I2" name="com.code.testng.Test3" tests="3" failures="0" timestamp="26 八月 2019 14:13:55 GMT" time="0.002" errors="0">
  <testcase name="f1" time="0.001" classname="com.code.testng.Test3"/>
  <testcase name="f3" time="0.001" classname="com.code.testng.Test3"/>
  <testcase name="f2" time="0.000" classname="com.code.testng.Test3"/>
</testsuite> <!-- com.code.testng.Test3 -->
