<?xml version="1.0" encoding="UTF-8"?>
<!-- Generated by org.testng.reporters.JUnitReportReporter -->
<testsuite skipped="0" hostname="DESKTOP-49BK4I2" name="com.code.testng.Test5" tests="2" failures="0" timestamp="26 八月 2019 14:13:55 GMT" time="0.000" errors="0">
  <testcase name="login" time="0.000" classname="com.code.testng.Test5"/>
  <testcase name="login" time="0.000" classname="com.code.testng.Test5"/>
</testsuite> <!-- com.code.testng.Test5 -->
